#! /c/Source/iverilog-install/bin/vvp
:ivl_version "12.0 (devel)" "(s20150603-1110-g18392a46)";
:ivl_delay_selection "TYPICAL";
:vpi_time_precision - 12;
:vpi_module "D:\SOFTWA~1\iverilog\lib\ivl\system.vpi";
:vpi_module "D:\SOFTWA~1\iverilog\lib\ivl\vhdl_sys.vpi";
:vpi_module "D:\SOFTWA~1\iverilog\lib\ivl\vhdl_textio.vpi";
:vpi_module "D:\SOFTWA~1\iverilog\lib\ivl\v2005_math.vpi";
:vpi_module "D:\SOFTWA~1\iverilog\lib\ivl\va_math.vpi";
S_000002898f6f2eb0 .scope module, "eros" "eros" 2 23;
 .timescale -9 -12;
    .port_info 0 /INPUT 1 "i_clk";
    .port_info 1 /INPUT 9 "i_pixel_data";
    .port_info 2 /INPUT 1 "i_pixel_data_valid";
    .port_info 3 /OUTPUT 1 "o_convolved_data";
    .port_info 4 /OUTPUT 1 "o_convolved_data_valid";
v000002898f6ddd00_0 .var "erosData", 0 0;
v000002898f6dd9a0_0 .var "erosDataValid", 0 0;
o000002898f727018 .functor BUFZ 1, C4<z>; HiZ drive
v000002898f6f3040_0 .net "i_clk", 0 0, o000002898f727018;  0 drivers
o000002898f727048 .functor BUFZ 9, C4<zzzzzzzzz>; HiZ drive
v000002898f6f30e0_0 .net "i_pixel_data", 8 0, o000002898f727048;  0 drivers
o000002898f727078 .functor BUFZ 1, C4<z>; HiZ drive
v000002898f6f3180_0 .net "i_pixel_data_valid", 0 0, o000002898f727078;  0 drivers
v000002898f6f3220_0 .var "o_convolved_data", 0 0;
v000002898f6f32c0_0 .var "o_convolved_data_valid", 0 0;
E_000002898f6dbc30 .event posedge, v000002898f6f3040_0;
    .scope S_000002898f6f2eb0;
T_0 ;
    %wait E_000002898f6dbc30;
    %load/vec4 v000002898f6f30e0_0;
    %or/r;
    %assign/vec4 v000002898f6ddd00_0, 0;
    %load/vec4 v000002898f6f3180_0;
    %assign/vec4 v000002898f6dd9a0_0, 0;
    %jmp T_0;
    .thread T_0;
    .scope S_000002898f6f2eb0;
T_1 ;
    %wait E_000002898f6dbc30;
    %load/vec4 v000002898f6ddd00_0;
    %assign/vec4 v000002898f6f3220_0, 0;
    %load/vec4 v000002898f6dd9a0_0;
    %assign/vec4 v000002898f6f32c0_0, 0;
    %jmp T_1;
    .thread T_1;
# The file index is used to find the file name in the following table.
:file_names 3;
    "N/A";
    "<interactive>";
    "eros.v";
