#! /c/Source/iverilog-install/bin/vvp
:ivl_version "12.0 (devel)" "(s20150603-1110-g18392a46)";
:ivl_delay_selection "TYPICAL";
:vpi_time_precision - 12;
:vpi_module "D:\SOFTWA~1\iverilog\lib\ivl\system.vpi";
:vpi_module "D:\SOFTWA~1\iverilog\lib\ivl\vhdl_sys.vpi";
:vpi_module "D:\SOFTWA~1\iverilog\lib\ivl\vhdl_textio.vpi";
:vpi_module "D:\SOFTWA~1\iverilog\lib\ivl\v2005_math.vpi";
:vpi_module "D:\SOFTWA~1\iverilog\lib\ivl\va_math.vpi";
S_00000233e78a2ce0 .scope module, "conv" "conv" 2 23;
 .timescale -9 -12;
    .port_info 0 /INPUT 1 "i_clk";
    .port_info 1 /INPUT 72 "i_pixel_data";
    .port_info 2 /INPUT 1 "i_pixel_data_valid";
    .port_info 3 /OUTPUT 8 "o_convolved_data";
    .port_info 4 /OUTPUT 1 "o_convolved_data_valid";
v00000233e78c5a00_0 .var/i "i", 31 0;
o00000233e78dafe8 .functor BUFZ 1, C4<z>; HiZ drive
v00000233e7a0bc00_0 .net "i_clk", 0 0, o00000233e78dafe8;  0 drivers
o00000233e78db018 .functor BUFZ 72, C4<zzzzzzzzzzzzzzzzzzzzzzzzzzzzzzzzzzzzzzzzzzzzzzzzzzzzzzzzzzzzzzzzzzzzzzzz>; HiZ drive
v00000233e7a07c40_0 .net "i_pixel_data", 71 0, o00000233e78db018;  0 drivers
o00000233e78db048 .functor BUFZ 1, C4<z>; HiZ drive
v00000233e78a2e70_0 .net "i_pixel_data_valid", 0 0, o00000233e78db048;  0 drivers
v00000233e78a2f10 .array "kernel", 0 8, 7 0;
v00000233e78a2fb0 .array "multData", 0 8, 15 0;
v00000233e78a3050_0 .var "multDataValid", 0 0;
v00000233e78a30f0_0 .var "o_convolved_data", 7 0;
v00000233e791d820_0 .var "o_convolved_data_valid", 0 0;
v00000233e791d8c0_0 .var "sumData", 15 0;
v00000233e791d960_0 .var "sumDataInt", 15 0;
v00000233e791da00_0 .var "sumDataValid", 0 0;
E_00000233e78d9ee0 .event posedge, v00000233e7a0bc00_0;
v00000233e78a2fb0_0 .array/port v00000233e78a2fb0, 0;
v00000233e78a2fb0_1 .array/port v00000233e78a2fb0, 1;
v00000233e78a2fb0_2 .array/port v00000233e78a2fb0, 2;
E_00000233e78d9da0/0 .event anyedge, v00000233e791d960_0, v00000233e78a2fb0_0, v00000233e78a2fb0_1, v00000233e78a2fb0_2;
v00000233e78a2fb0_3 .array/port v00000233e78a2fb0, 3;
v00000233e78a2fb0_4 .array/port v00000233e78a2fb0, 4;
v00000233e78a2fb0_5 .array/port v00000233e78a2fb0, 5;
v00000233e78a2fb0_6 .array/port v00000233e78a2fb0, 6;
E_00000233e78d9da0/1 .event anyedge, v00000233e78a2fb0_3, v00000233e78a2fb0_4, v00000233e78a2fb0_5, v00000233e78a2fb0_6;
v00000233e78a2fb0_7 .array/port v00000233e78a2fb0, 7;
v00000233e78a2fb0_8 .array/port v00000233e78a2fb0, 8;
E_00000233e78d9da0/2 .event anyedge, v00000233e78a2fb0_7, v00000233e78a2fb0_8;
E_00000233e78d9da0 .event/or E_00000233e78d9da0/0, E_00000233e78d9da0/1, E_00000233e78d9da0/2;
    .scope S_00000233e78a2ce0;
T_0 ;
    %pushi/vec4 0, 0, 32;
    %store/vec4 v00000233e78c5a00_0, 0, 32;
T_0.0 ;
    %load/vec4 v00000233e78c5a00_0;
    %cmpi/s 9, 0, 32;
    %jmp/0xz T_0.1, 5;
    %pushi/vec4 1, 0, 8;
    %ix/getv/s 4, v00000233e78c5a00_0;
    %store/vec4a v00000233e78a2f10, 4, 0;
    %load/vec4 v00000233e78c5a00_0;
    %addi 1, 0, 32;
    %store/vec4 v00000233e78c5a00_0, 0, 32;
    %jmp T_0.0;
T_0.1 ;
    %end;
    .thread T_0;
    .scope S_00000233e78a2ce0;
T_1 ;
    %wait E_00000233e78d9ee0;
    %pushi/vec4 0, 0, 32;
    %store/vec4 v00000233e78c5a00_0, 0, 32;
T_1.0 ;
    %load/vec4 v00000233e78c5a00_0;
    %cmpi/s 9, 0, 32;
    %jmp/0xz T_1.1, 5;
    %ix/getv/s 4, v00000233e78c5a00_0;
    %load/vec4a v00000233e78a2f10, 4;
    %pad/u 16;
    %load/vec4 v00000233e7a07c40_0;
    %load/vec4 v00000233e78c5a00_0;
    %muli 8, 0, 32;
    %part/s 8;
    %pad/u 16;
    %mul;
    %ix/getv/s 3, v00000233e78c5a00_0;
    %ix/load 4, 0, 0; Constant delay
    %assign/vec4/a/d v00000233e78a2fb0, 0, 4;
    %load/vec4 v00000233e78c5a00_0;
    %addi 1, 0, 32;
    %store/vec4 v00000233e78c5a00_0, 0, 32;
    %jmp T_1.0;
T_1.1 ;
    %load/vec4 v00000233e78a2e70_0;
    %assign/vec4 v00000233e78a3050_0, 0;
    %jmp T_1;
    .thread T_1;
    .scope S_00000233e78a2ce0;
T_2 ;
    %wait E_00000233e78d9da0;
    %pushi/vec4 0, 0, 16;
    %store/vec4 v00000233e791d960_0, 0, 16;
    %pushi/vec4 0, 0, 32;
    %store/vec4 v00000233e78c5a00_0, 0, 32;
T_2.0 ;
    %load/vec4 v00000233e78c5a00_0;
    %cmpi/s 9, 0, 32;
    %jmp/0xz T_2.1, 5;
    %load/vec4 v00000233e791d960_0;
    %ix/getv/s 4, v00000233e78c5a00_0;
    %load/vec4a v00000233e78a2fb0, 4;
    %add;
    %store/vec4 v00000233e791d960_0, 0, 16;
    %load/vec4 v00000233e78c5a00_0;
    %addi 1, 0, 32;
    %store/vec4 v00000233e78c5a00_0, 0, 32;
    %jmp T_2.0;
T_2.1 ;
    %jmp T_2;
    .thread T_2, $push;
    .scope S_00000233e78a2ce0;
T_3 ;
    %wait E_00000233e78d9ee0;
    %load/vec4 v00000233e791d960_0;
    %assign/vec4 v00000233e791d8c0_0, 0;
    %load/vec4 v00000233e78a3050_0;
    %assign/vec4 v00000233e791da00_0, 0;
    %jmp T_3;
    .thread T_3;
    .scope S_00000233e78a2ce0;
T_4 ;
    %wait E_00000233e78d9ee0;
    %load/vec4 v00000233e791d8c0_0;
    %pad/u 32;
    %pushi/vec4 9, 0, 32;
    %div;
    %pad/u 8;
    %assign/vec4 v00000233e78a30f0_0, 0;
    %load/vec4 v00000233e791da00_0;
    %assign/vec4 v00000233e791d820_0, 0;
    %jmp T_4;
    .thread T_4;
# The file index is used to find the file name in the following table.
:file_names 3;
    "N/A";
    "<interactive>";
    "conv.v";
