#! /c/Source/iverilog-install/bin/vvp
:ivl_version "12.0 (devel)" "(s20150603-1110-g18392a46)";
:ivl_delay_selection "TYPICAL";
:vpi_time_precision - 12;
:vpi_module "D:\SOFTWA~1\iverilog\lib\ivl\system.vpi";
:vpi_module "D:\SOFTWA~1\iverilog\lib\ivl\vhdl_sys.vpi";
:vpi_module "D:\SOFTWA~1\iverilog\lib\ivl\vhdl_textio.vpi";
:vpi_module "D:\SOFTWA~1\iverilog\lib\ivl\v2005_math.vpi";
:vpi_module "D:\SOFTWA~1\iverilog\lib\ivl\va_math.vpi";
S_000002d9bfdb2e10 .scope module, "dataReg" "dataReg" 2 23;
 .timescale -9 -12;
    .port_info 0 /INPUT 1 "i_clk";
    .port_info 1 /INPUT 8 "i_data";
    .port_info 2 /INPUT 1 "i_data_valid";
    .port_info 3 /OUTPUT 8 "o_data";
    .port_info 4 /OUTPUT 1 "o_data_valid";
P_000002d9bfd581f0 .param/l "dataWidth" 0 2 23, +C4<00000000000000000000000000001000>;
o000002d9bfde6fd8 .functor BUFZ 1, C4<z>; HiZ drive
v000002d9bfdb2fa0_0 .net "i_clk", 0 0, o000002d9bfde6fd8;  0 drivers
o000002d9bfde7008 .functor BUFZ 8, C4<zzzzzzzz>; HiZ drive
v000002d9bfdb3040_0 .net "i_data", 7 0, o000002d9bfde7008;  0 drivers
o000002d9bfde7038 .functor BUFZ 1, C4<z>; HiZ drive
v000002d9bfdb30e0_0 .net "i_data_valid", 0 0, o000002d9bfde7038;  0 drivers
v000002d9bfd5da30_0 .var "o_data", 7 0;
v000002d9bfd5dad0_0 .var "o_data_valid", 0 0;
E_000002d9bfd583f0 .event posedge, v000002d9bfdb2fa0_0;
    .scope S_000002d9bfdb2e10;
T_0 ;
    %wait E_000002d9bfd583f0;
    %load/vec4 v000002d9bfdb30e0_0;
    %flag_set/vec4 8;
    %jmp/0xz  T_0.0, 8;
    %load/vec4 v000002d9bfdb3040_0;
    %assign/vec4 v000002d9bfd5da30_0, 0;
T_0.0 ;
    %load/vec4 v000002d9bfdb30e0_0;
    %assign/vec4 v000002d9bfd5dad0_0, 0;
    %jmp T_0;
    .thread T_0;
# The file index is used to find the file name in the following table.
:file_names 3;
    "N/A";
    "<interactive>";
    "dataReg.v";
